[25-Aug-2017 09:31:57 Europe/Zurich] PHP Fatal error:  Uncaught Symfony\Component\Yaml\Exception\ParseException: Unable to parse at line 1 (near "mi"). in /Users/pamegli/dev/neos.phlu.dev/PHLU.neos-base-distribution/Packages/Libraries/symfony/yaml/Parser.php:286
Stack trace:
#0 /Users/pamegli/dev/neos.phlu.dev/PHLU.neos-base-distribution/Packages/Libraries/symfony/yaml/Parser.php(80): Symfony\Component\Yaml\Parser->doParse('mi\nNeos:\n  Imag...', false, false, false)
#1 /Users/pamegli/dev/neos.phlu.dev/PHLU.neos-base-distribution/Packages/Libraries/symfony/yaml/Yaml.php(65): Symfony\Component\Yaml\Parser->parse('mi\nNeos:\n  Imag...', false, false, false)
#2 /Users/pamegli/dev/neos.phlu.dev/PHLU.neos-base-distribution/Packages/Framework/Neos.Flow/Classes/Configuration/Source/YamlSource.php(119): Symfony\Component\Yaml\Yaml::parse('mi\nNeos:\n  Imag...')
#3 /Users/pamegli/dev/neos.phlu.dev/PHLU.neos-base-distribution/Packages/Framework/Neos.Flow/Classes/Configuration/Source/YamlSource.php(92): Neos\Flow\Configuration\Source\YamlSource->mergeFileContent('/Users/pam in /Users/pamegli/dev/neos.phlu.dev/PHLU.neos-base-distribution/Packages/Libraries/symfony/yaml/Parser.php on line 286
[25-Aug-2017 09:32:00 Europe/Zurich] PHP Fatal error:  Uncaught Symfony\Component\Yaml\Exception\ParseException: Unable to parse at line 1 (near "mi"). in /Users/pamegli/dev/neos.phlu.dev/PHLU.neos-base-distribution/Packages/Libraries/symfony/yaml/Parser.php:286
Stack trace:
#0 /Users/pamegli/dev/neos.phlu.dev/PHLU.neos-base-distribution/Packages/Libraries/symfony/yaml/Parser.php(80): Symfony\Component\Yaml\Parser->doParse('mi\nNeos:\n  Imag...', false, false, false)
#1 /Users/pamegli/dev/neos.phlu.dev/PHLU.neos-base-distribution/Packages/Libraries/symfony/yaml/Yaml.php(65): Symfony\Component\Yaml\Parser->parse('mi\nNeos:\n  Imag...', false, false, false)
#2 /Users/pamegli/dev/neos.phlu.dev/PHLU.neos-base-distribution/Packages/Framework/Neos.Flow/Classes/Configuration/Source/YamlSource.php(119): Symfony\Component\Yaml\Yaml::parse('mi\nNeos:\n  Imag...')
#3 /Users/pamegli/dev/neos.phlu.dev/PHLU.neos-base-distribution/Packages/Framework/Neos.Flow/Classes/Configuration/Source/YamlSource.php(92): Neos\Flow\Configuration\Source\YamlSource->mergeFileContent('/Users/pam in /Users/pamegli/dev/neos.phlu.dev/PHLU.neos-base-distribution/Packages/Libraries/symfony/yaml/Parser.php on line 286
[25-Aug-2017 09:32:01 Europe/Zurich] PHP Fatal error:  Uncaught Symfony\Component\Yaml\Exception\ParseException: Unable to parse at line 1 (near "mi"). in /Users/pamegli/dev/neos.phlu.dev/PHLU.neos-base-distribution/Packages/Libraries/symfony/yaml/Parser.php:286
Stack trace:
#0 /Users/pamegli/dev/neos.phlu.dev/PHLU.neos-base-distribution/Packages/Libraries/symfony/yaml/Parser.php(80): Symfony\Component\Yaml\Parser->doParse('mi\nNeos:\n  Imag...', false, false, false)
#1 /Users/pamegli/dev/neos.phlu.dev/PHLU.neos-base-distribution/Packages/Libraries/symfony/yaml/Yaml.php(65): Symfony\Component\Yaml\Parser->parse('mi\nNeos:\n  Imag...', false, false, false)
#2 /Users/pamegli/dev/neos.phlu.dev/PHLU.neos-base-distribution/Packages/Framework/Neos.Flow/Classes/Configuration/Source/YamlSource.php(119): Symfony\Component\Yaml\Yaml::parse('mi\nNeos:\n  Imag...')
#3 /Users/pamegli/dev/neos.phlu.dev/PHLU.neos-base-distribution/Packages/Framework/Neos.Flow/Classes/Configuration/Source/YamlSource.php(92): Neos\Flow\Configuration\Source\YamlSource->mergeFileContent('/Users/pam in /Users/pamegli/dev/neos.phlu.dev/PHLU.neos-base-distribution/Packages/Libraries/symfony/yaml/Parser.php on line 286
[25-Aug-2017 09:32:33 Europe/Zurich] PHP Fatal error:  Uncaught Symfony\Component\Yaml\Exception\ParseException: Unable to parse at line 1 (near "mi"). in /Users/pamegli/dev/neos.phlu.dev/PHLU.neos-base-distribution/Packages/Libraries/symfony/yaml/Parser.php:286
Stack trace:
#0 /Users/pamegli/dev/neos.phlu.dev/PHLU.neos-base-distribution/Packages/Libraries/symfony/yaml/Parser.php(80): Symfony\Component\Yaml\Parser->doParse('mi\nNeos:\n  Imag...', false, false, false)
#1 /Users/pamegli/dev/neos.phlu.dev/PHLU.neos-base-distribution/Packages/Libraries/symfony/yaml/Yaml.php(65): Symfony\Component\Yaml\Parser->parse('mi\nNeos:\n  Imag...', false, false, false)
#2 /Users/pamegli/dev/neos.phlu.dev/PHLU.neos-base-distribution/Packages/Framework/Neos.Flow/Classes/Configuration/Source/YamlSource.php(119): Symfony\Component\Yaml\Yaml::parse('mi\nNeos:\n  Imag...')
#3 /Users/pamegli/dev/neos.phlu.dev/PHLU.neos-base-distribution/Packages/Framework/Neos.Flow/Classes/Configuration/Source/YamlSource.php(92): Neos\Flow\Configuration\Source\YamlSource->mergeFileContent('/Users/pam in /Users/pamegli/dev/neos.phlu.dev/PHLU.neos-base-distribution/Packages/Libraries/symfony/yaml/Parser.php on line 286
[25-Aug-2017 09:32:35 Europe/Zurich] PHP Fatal error:  Uncaught Symfony\Component\Yaml\Exception\ParseException: Unable to parse at line 1 (near "mi"). in /Users/pamegli/dev/neos.phlu.dev/PHLU.neos-base-distribution/Packages/Libraries/symfony/yaml/Parser.php:286
Stack trace:
#0 /Users/pamegli/dev/neos.phlu.dev/PHLU.neos-base-distribution/Packages/Libraries/symfony/yaml/Parser.php(80): Symfony\Component\Yaml\Parser->doParse('mi\nNeos:\n  Imag...', false, false, false)
#1 /Users/pamegli/dev/neos.phlu.dev/PHLU.neos-base-distribution/Packages/Libraries/symfony/yaml/Yaml.php(65): Symfony\Component\Yaml\Parser->parse('mi\nNeos:\n  Imag...', false, false, false)
#2 /Users/pamegli/dev/neos.phlu.dev/PHLU.neos-base-distribution/Packages/Framework/Neos.Flow/Classes/Configuration/Source/YamlSource.php(119): Symfony\Component\Yaml\Yaml::parse('mi\nNeos:\n  Imag...')
#3 /Users/pamegli/dev/neos.phlu.dev/PHLU.neos-base-distribution/Packages/Framework/Neos.Flow/Classes/Configuration/Source/YamlSource.php(92): Neos\Flow\Configuration\Source\YamlSource->mergeFileContent('/Users/pam in /Users/pamegli/dev/neos.phlu.dev/PHLU.neos-base-distribution/Packages/Libraries/symfony/yaml/Parser.php on line 286
[25-Aug-2017 09:32:39 Europe/Zurich] PHP Fatal error:  Uncaught Symfony\Component\Yaml\Exception\ParseException: Unable to parse at line 1 (near "mi"). in /Users/pamegli/dev/neos.phlu.dev/PHLU.neos-base-distribution/Packages/Libraries/symfony/yaml/Parser.php:286
Stack trace:
#0 /Users/pamegli/dev/neos.phlu.dev/PHLU.neos-base-distribution/Packages/Libraries/symfony/yaml/Parser.php(80): Symfony\Component\Yaml\Parser->doParse('mi\nNeos:\n  Imag...', false, false, false)
#1 /Users/pamegli/dev/neos.phlu.dev/PHLU.neos-base-distribution/Packages/Libraries/symfony/yaml/Yaml.php(65): Symfony\Component\Yaml\Parser->parse('mi\nNeos:\n  Imag...', false, false, false)
#2 /Users/pamegli/dev/neos.phlu.dev/PHLU.neos-base-distribution/Packages/Framework/Neos.Flow/Classes/Configuration/Source/YamlSource.php(119): Symfony\Component\Yaml\Yaml::parse('mi\nNeos:\n  Imag...')
#3 /Users/pamegli/dev/neos.phlu.dev/PHLU.neos-base-distribution/Packages/Framework/Neos.Flow/Classes/Configuration/Source/YamlSource.php(92): Neos\Flow\Configuration\Source\YamlSource->mergeFileContent('/Users/pam in /Users/pamegli/dev/neos.phlu.dev/PHLU.neos-base-distribution/Packages/Libraries/symfony/yaml/Parser.php on line 286
[25-Aug-2017 09:32:43 Europe/Zurich] PHP Fatal error:  Uncaught Symfony\Component\Yaml\Exception\ParseException: Unable to parse at line 1 (near "mi"). in /Users/pamegli/dev/neos.phlu.dev/PHLU.neos-base-distribution/Packages/Libraries/symfony/yaml/Parser.php:286
Stack trace:
#0 /Users/pamegli/dev/neos.phlu.dev/PHLU.neos-base-distribution/Packages/Libraries/symfony/yaml/Parser.php(80): Symfony\Component\Yaml\Parser->doParse('mi\nNeos:\n  Imag...', false, false, false)
#1 /Users/pamegli/dev/neos.phlu.dev/PHLU.neos-base-distribution/Packages/Libraries/symfony/yaml/Yaml.php(65): Symfony\Component\Yaml\Parser->parse('mi\nNeos:\n  Imag...', false, false, false)
#2 /Users/pamegli/dev/neos.phlu.dev/PHLU.neos-base-distribution/Packages/Framework/Neos.Flow/Classes/Configuration/Source/YamlSource.php(119): Symfony\Component\Yaml\Yaml::parse('mi\nNeos:\n  Imag...')
#3 /Users/pamegli/dev/neos.phlu.dev/PHLU.neos-base-distribution/Packages/Framework/Neos.Flow/Classes/Configuration/Source/YamlSource.php(92): Neos\Flow\Configuration\Source\YamlSource->mergeFileContent('/Users/pam in /Users/pamegli/dev/neos.phlu.dev/PHLU.neos-base-distribution/Packages/Libraries/symfony/yaml/Parser.php on line 286
[25-Aug-2017 09:32:45 Europe/Zurich] PHP Fatal error:  Uncaught Symfony\Component\Yaml\Exception\ParseException: Unable to parse at line 1 (near "mi"). in /Users/pamegli/dev/neos.phlu.dev/PHLU.neos-base-distribution/Packages/Libraries/symfony/yaml/Parser.php:286
Stack trace:
#0 /Users/pamegli/dev/neos.phlu.dev/PHLU.neos-base-distribution/Packages/Libraries/symfony/yaml/Parser.php(80): Symfony\Component\Yaml\Parser->doParse('mi\nNeos:\n  Imag...', false, false, false)
#1 /Users/pamegli/dev/neos.phlu.dev/PHLU.neos-base-distribution/Packages/Libraries/symfony/yaml/Yaml.php(65): Symfony\Component\Yaml\Parser->parse('mi\nNeos:\n  Imag...', false, false, false)
#2 /Users/pamegli/dev/neos.phlu.dev/PHLU.neos-base-distribution/Packages/Framework/Neos.Flow/Classes/Configuration/Source/YamlSource.php(119): Symfony\Component\Yaml\Yaml::parse('mi\nNeos:\n  Imag...')
#3 /Users/pamegli/dev/neos.phlu.dev/PHLU.neos-base-distribution/Packages/Framework/Neos.Flow/Classes/Configuration/Source/YamlSource.php(92): Neos\Flow\Configuration\Source\YamlSource->mergeFileContent('/Users/pam in /Users/pamegli/dev/neos.phlu.dev/PHLU.neos-base-distribution/Packages/Libraries/symfony/yaml/Parser.php on line 286
[25-Aug-2017 09:32:46 Europe/Zurich] PHP Fatal error:  Uncaught Symfony\Component\Yaml\Exception\ParseException: Unable to parse at line 1 (near "mi"). in /Users/pamegli/dev/neos.phlu.dev/PHLU.neos-base-distribution/Packages/Libraries/symfony/yaml/Parser.php:286
Stack trace:
#0 /Users/pamegli/dev/neos.phlu.dev/PHLU.neos-base-distribution/Packages/Libraries/symfony/yaml/Parser.php(80): Symfony\Component\Yaml\Parser->doParse('mi\nNeos:\n  Imag...', false, false, false)
#1 /Users/pamegli/dev/neos.phlu.dev/PHLU.neos-base-distribution/Packages/Libraries/symfony/yaml/Yaml.php(65): Symfony\Component\Yaml\Parser->parse('mi\nNeos:\n  Imag...', false, false, false)
#2 /Users/pamegli/dev/neos.phlu.dev/PHLU.neos-base-distribution/Packages/Framework/Neos.Flow/Classes/Configuration/Source/YamlSource.php(119): Symfony\Component\Yaml\Yaml::parse('mi\nNeos:\n  Imag...')
#3 /Users/pamegli/dev/neos.phlu.dev/PHLU.neos-base-distribution/Packages/Framework/Neos.Flow/Classes/Configuration/Source/YamlSource.php(92): Neos\Flow\Configuration\Source\YamlSource->mergeFileContent('/Users/pam in /Users/pamegli/dev/neos.phlu.dev/PHLU.neos-base-distribution/Packages/Libraries/symfony/yaml/Parser.php on line 286
[25-Aug-2017 09:32:49 Europe/Zurich] PHP Fatal error:  Uncaught Symfony\Component\Yaml\Exception\ParseException: Unable to parse at line 1 (near "mi"). in /Users/pamegli/dev/neos.phlu.dev/PHLU.neos-base-distribution/Packages/Libraries/symfony/yaml/Parser.php:286
Stack trace:
#0 /Users/pamegli/dev/neos.phlu.dev/PHLU.neos-base-distribution/Packages/Libraries/symfony/yaml/Parser.php(80): Symfony\Component\Yaml\Parser->doParse('mi\nNeos:\n  Imag...', false, false, false)
#1 /Users/pamegli/dev/neos.phlu.dev/PHLU.neos-base-distribution/Packages/Libraries/symfony/yaml/Yaml.php(65): Symfony\Component\Yaml\Parser->parse('mi\nNeos:\n  Imag...', false, false, false)
#2 /Users/pamegli/dev/neos.phlu.dev/PHLU.neos-base-distribution/Packages/Framework/Neos.Flow/Classes/Configuration/Source/YamlSource.php(119): Symfony\Component\Yaml\Yaml::parse('mi\nNeos:\n  Imag...')
#3 /Users/pamegli/dev/neos.phlu.dev/PHLU.neos-base-distribution/Packages/Framework/Neos.Flow/Classes/Configuration/Source/YamlSource.php(92): Neos\Flow\Configuration\Source\YamlSource->mergeFileContent('/Users/pam in /Users/pamegli/dev/neos.phlu.dev/PHLU.neos-base-distribution/Packages/Libraries/symfony/yaml/Parser.php on line 286
[25-Aug-2017 09:34:27 Europe/Zurich] PHP Fatal error:  Uncaught Symfony\Component\Yaml\Exception\ParseException: Unable to parse at line 1 (near "mi"). in /Users/pamegli/dev/neos.phlu.dev/PHLU.neos-base-distribution/Packages/Libraries/symfony/yaml/Parser.php:286
Stack trace:
#0 /Users/pamegli/dev/neos.phlu.dev/PHLU.neos-base-distribution/Packages/Libraries/symfony/yaml/Parser.php(80): Symfony\Component\Yaml\Parser->doParse('mi\nNeos:\n  Imag...', false, false, false)
#1 /Users/pamegli/dev/neos.phlu.dev/PHLU.neos-base-distribution/Packages/Libraries/symfony/yaml/Yaml.php(65): Symfony\Component\Yaml\Parser->parse('mi\nNeos:\n  Imag...', false, false, false)
#2 /Users/pamegli/dev/neos.phlu.dev/PHLU.neos-base-distribution/Packages/Framework/Neos.Flow/Classes/Configuration/Source/YamlSource.php(119): Symfony\Component\Yaml\Yaml::parse('mi\nNeos:\n  Imag...')
#3 /Users/pamegli/dev/neos.phlu.dev/PHLU.neos-base-distribution/Packages/Framework/Neos.Flow/Classes/Configuration/Source/YamlSource.php(92): Neos\Flow\Configuration\Source\YamlSource->mergeFileContent('/Users/pam in /Users/pamegli/dev/neos.phlu.dev/PHLU.neos-base-distribution/Packages/Libraries/symfony/yaml/Parser.php on line 286
[25-Aug-2017 09:34:30 Europe/Zurich] PHP Fatal error:  Uncaught Symfony\Component\Yaml\Exception\ParseException: Unable to parse at line 1 (near "mi"). in /Users/pamegli/dev/neos.phlu.dev/PHLU.neos-base-distribution/Packages/Libraries/symfony/yaml/Parser.php:286
Stack trace:
#0 /Users/pamegli/dev/neos.phlu.dev/PHLU.neos-base-distribution/Packages/Libraries/symfony/yaml/Parser.php(80): Symfony\Component\Yaml\Parser->doParse('mi\nNeos:\n  Imag...', false, false, false)
#1 /Users/pamegli/dev/neos.phlu.dev/PHLU.neos-base-distribution/Packages/Libraries/symfony/yaml/Yaml.php(65): Symfony\Component\Yaml\Parser->parse('mi\nNeos:\n  Imag...', false, false, false)
#2 /Users/pamegli/dev/neos.phlu.dev/PHLU.neos-base-distribution/Packages/Framework/Neos.Flow/Classes/Configuration/Source/YamlSource.php(119): Symfony\Component\Yaml\Yaml::parse('mi\nNeos:\n  Imag...')
#3 /Users/pamegli/dev/neos.phlu.dev/PHLU.neos-base-distribution/Packages/Framework/Neos.Flow/Classes/Configuration/Source/YamlSource.php(92): Neos\Flow\Configuration\Source\YamlSource->mergeFileContent('/Users/pam in /Users/pamegli/dev/neos.phlu.dev/PHLU.neos-base-distribution/Packages/Libraries/symfony/yaml/Parser.php on line 286
[25-Aug-2017 09:34:32 Europe/Zurich] PHP Fatal error:  Uncaught Symfony\Component\Yaml\Exception\ParseException: Unable to parse at line 1 (near "mi"). in /Users/pamegli/dev/neos.phlu.dev/PHLU.neos-base-distribution/Packages/Libraries/symfony/yaml/Parser.php:286
Stack trace:
#0 /Users/pamegli/dev/neos.phlu.dev/PHLU.neos-base-distribution/Packages/Libraries/symfony/yaml/Parser.php(80): Symfony\Component\Yaml\Parser->doParse('mi\nNeos:\n  Imag...', false, false, false)
#1 /Users/pamegli/dev/neos.phlu.dev/PHLU.neos-base-distribution/Packages/Libraries/symfony/yaml/Yaml.php(65): Symfony\Component\Yaml\Parser->parse('mi\nNeos:\n  Imag...', false, false, false)
#2 /Users/pamegli/dev/neos.phlu.dev/PHLU.neos-base-distribution/Packages/Framework/Neos.Flow/Classes/Configuration/Source/YamlSource.php(119): Symfony\Component\Yaml\Yaml::parse('mi\nNeos:\n  Imag...')
#3 /Users/pamegli/dev/neos.phlu.dev/PHLU.neos-base-distribution/Packages/Framework/Neos.Flow/Classes/Configuration/Source/YamlSource.php(92): Neos\Flow\Configuration\Source\YamlSource->mergeFileContent('/Users/pam in /Users/pamegli/dev/neos.phlu.dev/PHLU.neos-base-distribution/Packages/Libraries/symfony/yaml/Parser.php on line 286
[25-Aug-2017 09:35:09 Europe/Zurich] PHP Fatal error:  Uncaught Symfony\Component\Yaml\Exception\ParseException: Unable to parse at line 1 (near "mi"). in /Users/pamegli/dev/neos.phlu.dev/PHLU.neos-base-distribution/Packages/Libraries/symfony/yaml/Parser.php:286
Stack trace:
#0 /Users/pamegli/dev/neos.phlu.dev/PHLU.neos-base-distribution/Packages/Libraries/symfony/yaml/Parser.php(80): Symfony\Component\Yaml\Parser->doParse('mi\nNeos:\n  Imag...', false, false, false)
#1 /Users/pamegli/dev/neos.phlu.dev/PHLU.neos-base-distribution/Packages/Libraries/symfony/yaml/Yaml.php(65): Symfony\Component\Yaml\Parser->parse('mi\nNeos:\n  Imag...', false, false, false)
#2 /Users/pamegli/dev/neos.phlu.dev/PHLU.neos-base-distribution/Packages/Framework/Neos.Flow/Classes/Configuration/Source/YamlSource.php(119): Symfony\Component\Yaml\Yaml::parse('mi\nNeos:\n  Imag...')
#3 /Users/pamegli/dev/neos.phlu.dev/PHLU.neos-base-distribution/Packages/Framework/Neos.Flow/Classes/Configuration/Source/YamlSource.php(92): Neos\Flow\Configuration\Source\YamlSource->mergeFileContent('/Users/pam in /Users/pamegli/dev/neos.phlu.dev/PHLU.neos-base-distribution/Packages/Libraries/symfony/yaml/Parser.php on line 286
[25-Aug-2017 09:35:20 Europe/Zurich] PHP Fatal error:  Uncaught Symfony\Component\Yaml\Exception\ParseException: Unable to parse at line 1 (near "mi"). in /Users/pamegli/dev/neos.phlu.dev/PHLU.neos-base-distribution/Packages/Libraries/symfony/yaml/Parser.php:286
Stack trace:
#0 /Users/pamegli/dev/neos.phlu.dev/PHLU.neos-base-distribution/Packages/Libraries/symfony/yaml/Parser.php(80): Symfony\Component\Yaml\Parser->doParse('mi\nNeos:\n  Imag...', false, false, false)
#1 /Users/pamegli/dev/neos.phlu.dev/PHLU.neos-base-distribution/Packages/Libraries/symfony/yaml/Yaml.php(65): Symfony\Component\Yaml\Parser->parse('mi\nNeos:\n  Imag...', false, false, false)
#2 /Users/pamegli/dev/neos.phlu.dev/PHLU.neos-base-distribution/Packages/Framework/Neos.Flow/Classes/Configuration/Source/YamlSource.php(119): Symfony\Component\Yaml\Yaml::parse('mi\nNeos:\n  Imag...')
#3 /Users/pamegli/dev/neos.phlu.dev/PHLU.neos-base-distribution/Packages/Framework/Neos.Flow/Classes/Configuration/Source/YamlSource.php(92): Neos\Flow\Configuration\Source\YamlSource->mergeFileContent('/Users/pam in /Users/pamegli/dev/neos.phlu.dev/PHLU.neos-base-distribution/Packages/Libraries/symfony/yaml/Parser.php on line 286
[25-Aug-2017 09:35:39 Europe/Zurich] PHP Fatal error:  Uncaught Symfony\Component\Yaml\Exception\ParseException: Unable to parse at line 1 (near "mi"). in /Users/pamegli/dev/neos.phlu.dev/PHLU.neos-base-distribution/Packages/Libraries/symfony/yaml/Parser.php:286
Stack trace:
#0 /Users/pamegli/dev/neos.phlu.dev/PHLU.neos-base-distribution/Packages/Libraries/symfony/yaml/Parser.php(80): Symfony\Component\Yaml\Parser->doParse('mi\nNeos:\n  Imag...', false, false, false)
#1 /Users/pamegli/dev/neos.phlu.dev/PHLU.neos-base-distribution/Packages/Libraries/symfony/yaml/Yaml.php(65): Symfony\Component\Yaml\Parser->parse('mi\nNeos:\n  Imag...', false, false, false)
#2 /Users/pamegli/dev/neos.phlu.dev/PHLU.neos-base-distribution/Packages/Framework/Neos.Flow/Classes/Configuration/Source/YamlSource.php(119): Symfony\Component\Yaml\Yaml::parse('mi\nNeos:\n  Imag...')
#3 /Users/pamegli/dev/neos.phlu.dev/PHLU.neos-base-distribution/Packages/Framework/Neos.Flow/Classes/Configuration/Source/YamlSource.php(92): Neos\Flow\Configuration\Source\YamlSource->mergeFileContent('/Users/pam in /Users/pamegli/dev/neos.phlu.dev/PHLU.neos-base-distribution/Packages/Libraries/symfony/yaml/Parser.php on line 286
[25-Aug-2017 09:35:47 Europe/Zurich] PHP Fatal error:  Uncaught Symfony\Component\Yaml\Exception\ParseException: Unable to parse at line 1 (near "mi"). in /Users/pamegli/dev/neos.phlu.dev/PHLU.neos-base-distribution/Packages/Libraries/symfony/yaml/Parser.php:286
Stack trace:
#0 /Users/pamegli/dev/neos.phlu.dev/PHLU.neos-base-distribution/Packages/Libraries/symfony/yaml/Parser.php(80): Symfony\Component\Yaml\Parser->doParse('mi\nNeos:\n  Imag...', false, false, false)
#1 /Users/pamegli/dev/neos.phlu.dev/PHLU.neos-base-distribution/Packages/Libraries/symfony/yaml/Yaml.php(65): Symfony\Component\Yaml\Parser->parse('mi\nNeos:\n  Imag...', false, false, false)
#2 /Users/pamegli/dev/neos.phlu.dev/PHLU.neos-base-distribution/Packages/Framework/Neos.Flow/Classes/Configuration/Source/YamlSource.php(119): Symfony\Component\Yaml\Yaml::parse('mi\nNeos:\n  Imag...')
#3 /Users/pamegli/dev/neos.phlu.dev/PHLU.neos-base-distribution/Packages/Framework/Neos.Flow/Classes/Configuration/Source/YamlSource.php(92): Neos\Flow\Configuration\Source\YamlSource->mergeFileContent('/Users/pam in /Users/pamegli/dev/neos.phlu.dev/PHLU.neos-base-distribution/Packages/Libraries/symfony/yaml/Parser.php on line 286
[25-Aug-2017 09:36:12 Europe/Zurich] PHP Fatal error:  Uncaught Symfony\Component\Yaml\Exception\ParseException: Unable to parse at line 1 (near "mi"). in /Users/pamegli/dev/neos.phlu.dev/PHLU.neos-base-distribution/Packages/Libraries/symfony/yaml/Parser.php:286
Stack trace:
#0 /Users/pamegli/dev/neos.phlu.dev/PHLU.neos-base-distribution/Packages/Libraries/symfony/yaml/Parser.php(80): Symfony\Component\Yaml\Parser->doParse('mi\nNeos:\n  Imag...', false, false, false)
#1 /Users/pamegli/dev/neos.phlu.dev/PHLU.neos-base-distribution/Packages/Libraries/symfony/yaml/Yaml.php(65): Symfony\Component\Yaml\Parser->parse('mi\nNeos:\n  Imag...', false, false, false)
#2 /Users/pamegli/dev/neos.phlu.dev/PHLU.neos-base-distribution/Packages/Framework/Neos.Flow/Classes/Configuration/Source/YamlSource.php(119): Symfony\Component\Yaml\Yaml::parse('mi\nNeos:\n  Imag...')
#3 /Users/pamegli/dev/neos.phlu.dev/PHLU.neos-base-distribution/Packages/Framework/Neos.Flow/Classes/Configuration/Source/YamlSource.php(92): Neos\Flow\Configuration\Source\YamlSource->mergeFileContent('/Users/pam in /Users/pamegli/dev/neos.phlu.dev/PHLU.neos-base-distribution/Packages/Libraries/symfony/yaml/Parser.php on line 286
[25-Aug-2017 09:36:13 Europe/Zurich] PHP Fatal error:  Uncaught Symfony\Component\Yaml\Exception\ParseException: Unable to parse at line 1 (near "mi"). in /Users/pamegli/dev/neos.phlu.dev/PHLU.neos-base-distribution/Packages/Libraries/symfony/yaml/Parser.php:286
Stack trace:
#0 /Users/pamegli/dev/neos.phlu.dev/PHLU.neos-base-distribution/Packages/Libraries/symfony/yaml/Parser.php(80): Symfony\Component\Yaml\Parser->doParse('mi\nNeos:\n  Imag...', false, false, false)
#1 /Users/pamegli/dev/neos.phlu.dev/PHLU.neos-base-distribution/Packages/Libraries/symfony/yaml/Yaml.php(65): Symfony\Component\Yaml\Parser->parse('mi\nNeos:\n  Imag...', false, false, false)
#2 /Users/pamegli/dev/neos.phlu.dev/PHLU.neos-base-distribution/Packages/Framework/Neos.Flow/Classes/Configuration/Source/YamlSource.php(119): Symfony\Component\Yaml\Yaml::parse('mi\nNeos:\n  Imag...')
#3 /Users/pamegli/dev/neos.phlu.dev/PHLU.neos-base-distribution/Packages/Framework/Neos.Flow/Classes/Configuration/Source/YamlSource.php(92): Neos\Flow\Configuration\Source\YamlSource->mergeFileContent('/Users/pam in /Users/pamegli/dev/neos.phlu.dev/PHLU.neos-base-distribution/Packages/Libraries/symfony/yaml/Parser.php on line 286
[25-Aug-2017 09:36:15 Europe/Zurich] PHP Fatal error:  Uncaught Symfony\Component\Yaml\Exception\ParseException: Unable to parse at line 1 (near "mi"). in /Users/pamegli/dev/neos.phlu.dev/PHLU.neos-base-distribution/Packages/Libraries/symfony/yaml/Parser.php:286
Stack trace:
#0 /Users/pamegli/dev/neos.phlu.dev/PHLU.neos-base-distribution/Packages/Libraries/symfony/yaml/Parser.php(80): Symfony\Component\Yaml\Parser->doParse('mi\nNeos:\n  Imag...', false, false, false)
#1 /Users/pamegli/dev/neos.phlu.dev/PHLU.neos-base-distribution/Packages/Libraries/symfony/yaml/Yaml.php(65): Symfony\Component\Yaml\Parser->parse('mi\nNeos:\n  Imag...', false, false, false)
#2 /Users/pamegli/dev/neos.phlu.dev/PHLU.neos-base-distribution/Packages/Framework/Neos.Flow/Classes/Configuration/Source/YamlSource.php(119): Symfony\Component\Yaml\Yaml::parse('mi\nNeos:\n  Imag...')
#3 /Users/pamegli/dev/neos.phlu.dev/PHLU.neos-base-distribution/Packages/Framework/Neos.Flow/Classes/Configuration/Source/YamlSource.php(92): Neos\Flow\Configuration\Source\YamlSource->mergeFileContent('/Users/pam in /Users/pamegli/dev/neos.phlu.dev/PHLU.neos-base-distribution/Packages/Libraries/symfony/yaml/Parser.php on line 286
[25-Aug-2017 09:36:16 Europe/Zurich] PHP Fatal error:  Uncaught Symfony\Component\Yaml\Exception\ParseException: Unable to parse at line 1 (near "mi"). in /Users/pamegli/dev/neos.phlu.dev/PHLU.neos-base-distribution/Packages/Libraries/symfony/yaml/Parser.php:286
Stack trace:
#0 /Users/pamegli/dev/neos.phlu.dev/PHLU.neos-base-distribution/Packages/Libraries/symfony/yaml/Parser.php(80): Symfony\Component\Yaml\Parser->doParse('mi\nNeos:\n  Imag...', false, false, false)
#1 /Users/pamegli/dev/neos.phlu.dev/PHLU.neos-base-distribution/Packages/Libraries/symfony/yaml/Yaml.php(65): Symfony\Component\Yaml\Parser->parse('mi\nNeos:\n  Imag...', false, false, false)
#2 /Users/pamegli/dev/neos.phlu.dev/PHLU.neos-base-distribution/Packages/Framework/Neos.Flow/Classes/Configuration/Source/YamlSource.php(119): Symfony\Component\Yaml\Yaml::parse('mi\nNeos:\n  Imag...')
#3 /Users/pamegli/dev/neos.phlu.dev/PHLU.neos-base-distribution/Packages/Framework/Neos.Flow/Classes/Configuration/Source/YamlSource.php(92): Neos\Flow\Configuration\Source\YamlSource->mergeFileContent('/Users/pam in /Users/pamegli/dev/neos.phlu.dev/PHLU.neos-base-distribution/Packages/Libraries/symfony/yaml/Parser.php on line 286
[25-Aug-2017 09:36:21 Europe/Zurich] PHP Fatal error:  Uncaught Symfony\Component\Yaml\Exception\ParseException: Unable to parse at line 1 (near "mi"). in /Users/pamegli/dev/neos.phlu.dev/PHLU.neos-base-distribution/Packages/Libraries/symfony/yaml/Parser.php:286
Stack trace:
#0 /Users/pamegli/dev/neos.phlu.dev/PHLU.neos-base-distribution/Packages/Libraries/symfony/yaml/Parser.php(80): Symfony\Component\Yaml\Parser->doParse('mi\nNeos:\n  Imag...', false, false, false)
#1 /Users/pamegli/dev/neos.phlu.dev/PHLU.neos-base-distribution/Packages/Libraries/symfony/yaml/Yaml.php(65): Symfony\Component\Yaml\Parser->parse('mi\nNeos:\n  Imag...', false, false, false)
#2 /Users/pamegli/dev/neos.phlu.dev/PHLU.neos-base-distribution/Packages/Framework/Neos.Flow/Classes/Configuration/Source/YamlSource.php(119): Symfony\Component\Yaml\Yaml::parse('mi\nNeos:\n  Imag...')
#3 /Users/pamegli/dev/neos.phlu.dev/PHLU.neos-base-distribution/Packages/Framework/Neos.Flow/Classes/Configuration/Source/YamlSource.php(92): Neos\Flow\Configuration\Source\YamlSource->mergeFileContent('/Users/pam in /Users/pamegli/dev/neos.phlu.dev/PHLU.neos-base-distribution/Packages/Libraries/symfony/yaml/Parser.php on line 286
[25-Aug-2017 09:36:25 Europe/Zurich] PHP Fatal error:  Uncaught Symfony\Component\Yaml\Exception\ParseException: Unable to parse at line 1 (near "mi"). in /Users/pamegli/dev/neos.phlu.dev/PHLU.neos-base-distribution/Packages/Libraries/symfony/yaml/Parser.php:286
Stack trace:
#0 /Users/pamegli/dev/neos.phlu.dev/PHLU.neos-base-distribution/Packages/Libraries/symfony/yaml/Parser.php(80): Symfony\Component\Yaml\Parser->doParse('mi\nNeos:\n  Imag...', false, false, false)
#1 /Users/pamegli/dev/neos.phlu.dev/PHLU.neos-base-distribution/Packages/Libraries/symfony/yaml/Yaml.php(65): Symfony\Component\Yaml\Parser->parse('mi\nNeos:\n  Imag...', false, false, false)
#2 /Users/pamegli/dev/neos.phlu.dev/PHLU.neos-base-distribution/Packages/Framework/Neos.Flow/Classes/Configuration/Source/YamlSource.php(119): Symfony\Component\Yaml\Yaml::parse('mi\nNeos:\n  Imag...')
#3 /Users/pamegli/dev/neos.phlu.dev/PHLU.neos-base-distribution/Packages/Framework/Neos.Flow/Classes/Configuration/Source/YamlSource.php(92): Neos\Flow\Configuration\Source\YamlSource->mergeFileContent('/Users/pam in /Users/pamegli/dev/neos.phlu.dev/PHLU.neos-base-distribution/Packages/Libraries/symfony/yaml/Parser.php on line 286
[25-Aug-2017 09:36:28 Europe/Zurich] PHP Fatal error:  Uncaught Symfony\Component\Yaml\Exception\ParseException: Unable to parse at line 1 (near "mi"). in /Users/pamegli/dev/neos.phlu.dev/PHLU.neos-base-distribution/Packages/Libraries/symfony/yaml/Parser.php:286
Stack trace:
#0 /Users/pamegli/dev/neos.phlu.dev/PHLU.neos-base-distribution/Packages/Libraries/symfony/yaml/Parser.php(80): Symfony\Component\Yaml\Parser->doParse('mi\nNeos:\n  Imag...', false, false, false)
#1 /Users/pamegli/dev/neos.phlu.dev/PHLU.neos-base-distribution/Packages/Libraries/symfony/yaml/Yaml.php(65): Symfony\Component\Yaml\Parser->parse('mi\nNeos:\n  Imag...', false, false, false)
#2 /Users/pamegli/dev/neos.phlu.dev/PHLU.neos-base-distribution/Packages/Framework/Neos.Flow/Classes/Configuration/Source/YamlSource.php(119): Symfony\Component\Yaml\Yaml::parse('mi\nNeos:\n  Imag...')
#3 /Users/pamegli/dev/neos.phlu.dev/PHLU.neos-base-distribution/Packages/Framework/Neos.Flow/Classes/Configuration/Source/YamlSource.php(92): Neos\Flow\Configuration\Source\YamlSource->mergeFileContent('/Users/pam in /Users/pamegli/dev/neos.phlu.dev/PHLU.neos-base-distribution/Packages/Libraries/symfony/yaml/Parser.php on line 286
[30-Oct-2017 16:46:52 Europe/Zurich] PHP Fatal error:  Allowed memory size of 2147483648 bytes exhausted (tried to allocate 1006632992 bytes) in /Users/pamegli/dev/neos.phlu.dev/PHLU.neos-base-distribution/Packages/Framework/Neos.Flow/Classes/Error/Debugger.php on line 336
[30-Oct-2017 16:48:03 Europe/Zurich] PHP Fatal error:  Allowed memory size of 2147483648 bytes exhausted (tried to allocate 1006632992 bytes) in /Users/pamegli/dev/neos.phlu.dev/PHLU.neos-base-distribution/Packages/Framework/Neos.Flow/Classes/Error/Debugger.php on line 336
[30-Oct-2017 16:48:24 Europe/Zurich] PHP Fatal error:  Allowed memory size of 2147483648 bytes exhausted (tried to allocate 1006632992 bytes) in /Users/pamegli/dev/neos.phlu.dev/PHLU.neos-base-distribution/Packages/Framework/Neos.Flow/Classes/Error/Debugger.php on line 336
[30-Oct-2017 16:48:31 Europe/Zurich] PHP Fatal error:  Allowed memory size of 2147483648 bytes exhausted (tried to allocate 1006632992 bytes) in /Users/pamegli/dev/neos.phlu.dev/PHLU.neos-base-distribution/Packages/Framework/Neos.Flow/Classes/Error/Debugger.php on line 336
[30-Oct-2017 16:48:33 Europe/Zurich] PHP Fatal error:  Allowed memory size of 2147483648 bytes exhausted (tried to allocate 1006632992 bytes) in /Users/pamegli/dev/neos.phlu.dev/PHLU.neos-base-distribution/Packages/Framework/Neos.Flow/Classes/Error/Debugger.php on line 336
[30-Oct-2017 16:48:58 Europe/Zurich] PHP Fatal error:  Allowed memory size of 2147483648 bytes exhausted (tried to allocate 1006632992 bytes) in /Users/pamegli/dev/neos.phlu.dev/PHLU.neos-base-distribution/Packages/Framework/Neos.Flow/Classes/Error/Debugger.php on line 336
[30-Oct-2017 16:49:59 Europe/Zurich] PHP Fatal error:  Allowed memory size of 2147483648 bytes exhausted (tried to allocate 1006632992 bytes) in /Users/pamegli/dev/neos.phlu.dev/PHLU.neos-base-distribution/Packages/Framework/Neos.Flow/Classes/Error/Debugger.php on line 336
[30-Oct-2017 16:51:19 Europe/Zurich] PHP Fatal error:  Allowed memory size of 2147483648 bytes exhausted (tried to allocate 1006632992 bytes) in /Users/pamegli/dev/neos.phlu.dev/PHLU.neos-base-distribution/Packages/Framework/Neos.Flow/Classes/Error/Debugger.php on line 336
[30-Oct-2017 16:52:18 Europe/Zurich] PHP Fatal error:  Allowed memory size of 2147483648 bytes exhausted (tried to allocate 1006632992 bytes) in /Users/pamegli/dev/neos.phlu.dev/PHLU.neos-base-distribution/Packages/Framework/Neos.Flow/Classes/Error/Debugger.php on line 336
[30-Oct-2017 16:53:24 Europe/Zurich] PHP Fatal error:  Allowed memory size of 2147483648 bytes exhausted (tried to allocate 1006632992 bytes) in /Users/pamegli/dev/neos.phlu.dev/PHLU.neos-base-distribution/Packages/Framework/Neos.Flow/Classes/Error/Debugger.php on line 336
[30-Oct-2017 16:54:33 Europe/Zurich] PHP Fatal error:  Allowed memory size of 2147483648 bytes exhausted (tried to allocate 1006632992 bytes) in /Users/pamegli/dev/neos.phlu.dev/PHLU.neos-base-distribution/Packages/Framework/Neos.Flow/Classes/Error/Debugger.php on line 336
[30-Oct-2017 16:56:40 Europe/Zurich] PHP Fatal error:  Allowed memory size of 2147483648 bytes exhausted (tried to allocate 1006632992 bytes) in /Users/pamegli/dev/neos.phlu.dev/PHLU.neos-base-distribution/Packages/Framework/Neos.Flow/Classes/Error/Debugger.php on line 336
[30-Oct-2017 16:57:20 Europe/Zurich] PHP Fatal error:  Allowed memory size of 2147483648 bytes exhausted (tried to allocate 1006632992 bytes) in /Users/pamegli/dev/neos.phlu.dev/PHLU.neos-base-distribution/Packages/Framework/Neos.Flow/Classes/Error/Debugger.php on line 336
[30-Oct-2017 16:57:52 Europe/Zurich] PHP Fatal error:  Allowed memory size of 2147483648 bytes exhausted (tried to allocate 1006632992 bytes) in /Users/pamegli/dev/neos.phlu.dev/PHLU.neos-base-distribution/Packages/Framework/Neos.Flow/Classes/Error/Debugger.php on line 336
[30-Oct-2017 16:58:35 Europe/Zurich] PHP Fatal error:  Allowed memory size of 2147483648 bytes exhausted (tried to allocate 1006632992 bytes) in /Users/pamegli/dev/neos.phlu.dev/PHLU.neos-base-distribution/Packages/Framework/Neos.Flow/Classes/Error/Debugger.php on line 336
[30-Oct-2017 16:58:53 Europe/Zurich] PHP Fatal error:  Allowed memory size of 2147483648 bytes exhausted (tried to allocate 1006632992 bytes) in /Users/pamegli/dev/neos.phlu.dev/PHLU.neos-base-distribution/Packages/Framework/Neos.Flow/Classes/Error/Debugger.php on line 336
[30-Oct-2017 16:59:05 Europe/Zurich] PHP Fatal error:  Allowed memory size of 2147483648 bytes exhausted (tried to allocate 1006632992 bytes) in /Users/pamegli/dev/neos.phlu.dev/PHLU.neos-base-distribution/Packages/Framework/Neos.Flow/Classes/Error/Debugger.php on line 336
[30-Oct-2017 17:01:56 Europe/Zurich] PHP Fatal error:  Allowed memory size of 2147483648 bytes exhausted (tried to allocate 1006632992 bytes) in /Users/pamegli/dev/neos.phlu.dev/PHLU.neos-base-distribution/Packages/Framework/Neos.Flow/Classes/Error/Debugger.php on line 336
[30-Oct-2017 17:02:36 Europe/Zurich] PHP Fatal error:  Allowed memory size of 2147483648 bytes exhausted (tried to allocate 1006632992 bytes) in /Users/pamegli/dev/neos.phlu.dev/PHLU.neos-base-distribution/Packages/Framework/Neos.Flow/Classes/Error/Debugger.php on line 336
[30-Oct-2017 17:03:13 Europe/Zurich] PHP Fatal error:  Allowed memory size of 2147483648 bytes exhausted (tried to allocate 1006632992 bytes) in /Users/pamegli/dev/neos.phlu.dev/PHLU.neos-base-distribution/Packages/Framework/Neos.Flow/Classes/Error/Debugger.php on line 336
[30-Oct-2017 17:06:39 Europe/Zurich] PHP Fatal error:  Allowed memory size of 2147483648 bytes exhausted (tried to allocate 1006632992 bytes) in /Users/pamegli/dev/neos.phlu.dev/PHLU.neos-base-distribution/Packages/Framework/Neos.Flow/Classes/Error/Debugger.php on line 336
